<?xml version="1.0" encoding="UTF-8"?>
<testsuite xmlns:xsi="http://www.w3.org/2001/XMLSchema-instance" xsi:noNamespaceSchemaLocation="https://maven.apache.org/surefire/maven-surefire-plugin/xsd/surefire-test-report.xsd" name="com.mycompany.actividadjunit2.EmpleadoTest" time="0.054" tests="25" errors="1" skipped="12" failures="0">
  <properties>
    <property name="java.specification.version" value="19"/>
    <property name="sun.cpu.isalist" value="amd64"/>
    <property name="sun.jnu.encoding" value="Cp1252"/>
    <property name="java.class.path" value="C:\Users\Fran\OneDrive\Documents\NetBeansProjects\ActividadJUnit2\target\test-classes;C:\Users\Fran\OneDrive\Documents\NetBeansProjects\ActividadJUnit2\target\classes;C:\Users\Fran\.m2\repository\org\junit\jupiter\junit-jupiter-api\5.6.0\junit-jupiter-api-5.6.0.jar;C:\Users\Fran\.m2\repository\org\apiguardian\apiguardian-api\1.1.0\apiguardian-api-1.1.0.jar;C:\Users\Fran\.m2\repository\org\opentest4j\opentest4j\1.2.0\opentest4j-1.2.0.jar;C:\Users\Fran\.m2\repository\org\junit\platform\junit-platform-commons\1.6.0\junit-platform-commons-1.6.0.jar;C:\Users\Fran\.m2\repository\org\junit\jupiter\junit-jupiter-params\5.6.0\junit-jupiter-params-5.6.0.jar;C:\Users\Fran\.m2\repository\org\junit\jupiter\junit-jupiter-engine\5.6.0\junit-jupiter-engine-5.6.0.jar;C:\Users\Fran\.m2\repository\org\junit\platform\junit-platform-engine\1.6.0\junit-platform-engine-1.6.0.jar;C:\Users\Fran\.m2\repository\org\apache\maven\plugins\maven-surefire-plugin\3.0.0-M9\maven-surefire-plugin-3.0.0-M9.jar;C:\Users\Fran\.m2\repository\org\apache\maven\surefire\maven-surefire-common\3.0.0-M9\maven-surefire-common-3.0.0-M9.jar;C:\Users\Fran\.m2\repository\org\apache\maven\surefire\surefire-api\3.0.0-M9\surefire-api-3.0.0-M9.jar;C:\Users\Fran\.m2\repository\org\apache\maven\surefire\surefire-logger-api\3.0.0-M9\surefire-logger-api-3.0.0-M9.jar;C:\Users\Fran\.m2\repository\org\apache\maven\surefire\surefire-extensions-api\3.0.0-M9\surefire-extensions-api-3.0.0-M9.jar;C:\Users\Fran\.m2\repository\org\apache\maven\surefire\surefire-booter\3.0.0-M9\surefire-booter-3.0.0-M9.jar;C:\Users\Fran\.m2\repository\org\apache\maven\surefire\surefire-extensions-spi\3.0.0-M9\surefire-extensions-spi-3.0.0-M9.jar;C:\Users\Fran\.m2\repository\org\apache\maven\shared\maven-common-artifact-filters\3.1.1\maven-common-artifact-filters-3.1.1.jar;C:\Users\Fran\.m2\repository\org\apache\maven\maven-artifact\3.1.0\maven-artifact-3.1.0.jar;C:\Users\Fran\.m2\repository\org\codehaus\plexus\plexus-utils\3.0.10\plexus-utils-3.0.10.jar;C:\Users\Fran\.m2\repository\org\apache\maven\maven-core\3.1.0\maven-core-3.1.0.jar;C:\Users\Fran\.m2\repository\org\apache\maven\maven-settings\3.1.0\maven-settings-3.1.0.jar;C:\Users\Fran\.m2\repository\org\apache\maven\maven-settings-builder\3.1.0\maven-settings-builder-3.1.0.jar;C:\Users\Fran\.m2\repository\org\apache\maven\maven-repository-metadata\3.1.0\maven-repository-metadata-3.1.0.jar;C:\Users\Fran\.m2\repository\org\apache\maven\maven-model-builder\3.1.0\maven-model-builder-3.1.0.jar;C:\Users\Fran\.m2\repository\org\apache\maven\maven-aether-provider\3.1.0\maven-aether-provider-3.1.0.jar;C:\Users\Fran\.m2\repository\org\eclipse\aether\aether-spi\0.9.0.M2\aether-spi-0.9.0.M2.jar;C:\Users\Fran\.m2\repository\org\eclipse\aether\aether-impl\0.9.0.M2\aether-impl-0.9.0.M2.jar;C:\Users\Fran\.m2\repository\org\eclipse\aether\aether-api\0.9.0.M2\aether-api-0.9.0.M2.jar;C:\Users\Fran\.m2\repository\org\eclipse\aether\aether-util\0.9.0.M2\aether-util-0.9.0.M2.jar;C:\Users\Fran\.m2\repository\org\eclipse\sisu\org.eclipse.sisu.plexus\0.0.0.M2a\org.eclipse.sisu.plexus-0.0.0.M2a.jar;C:\Users\Fran\.m2\repository\javax\enterprise\cdi-api\1.0\cdi-api-1.0.jar;C:\Users\Fran\.m2\repository\javax\annotation\jsr250-api\1.0\jsr250-api-1.0.jar;C:\Users\Fran\.m2\repository\javax\inject\javax.inject\1\javax.inject-1.jar;C:\Users\Fran\.m2\repository\com\google\guava\guava\10.0.1\guava-10.0.1.jar;C:\Users\Fran\.m2\repository\com\google\code\findbugs\jsr305\1.3.9\jsr305-1.3.9.jar;C:\Users\Fran\.m2\repository\org\sonatype\sisu\sisu-guice\3.1.0\sisu-guice-3.1.0-no_aop.jar;C:\Users\Fran\.m2\repository\aopalliance\aopalliance\1.0\aopalliance-1.0.jar;C:\Users\Fran\.m2\repository\org\eclipse\sisu\org.eclipse.sisu.inject\0.0.0.M2a\org.eclipse.sisu.inject-0.0.0.M2a.jar;C:\Users\Fran\.m2\repository\asm\asm\3.3.1\asm-3.3.1.jar;C:\Users\Fran\.m2\repository\org\codehaus\plexus\plexus-interpolation\1.16\plexus-interpolation-1.16.jar;C:\Users\Fran\.m2\repository\org\codehaus\plexus\plexus-classworlds\2.4.2\plexus-classworlds-2.4.2.jar;C:\Users\Fran\.m2\repository\org\codehaus\plexus\plexus-component-annotations\1.5.5\plexus-component-annotations-1.5.5.jar;C:\Users\Fran\.m2\repository\org\sonatype\plexus\plexus-sec-dispatcher\1.3\plexus-sec-dispatcher-1.3.jar;C:\Users\Fran\.m2\repository\org\sonatype\plexus\plexus-cipher\1.4\plexus-cipher-1.4.jar;C:\Users\Fran\.m2\repository\org\apache\maven\maven-plugin-api\3.1.0\maven-plugin-api-3.1.0.jar;C:\Users\Fran\.m2\repository\commons-io\commons-io\2.6\commons-io-2.6.jar;C:\Users\Fran\.m2\repository\org\codehaus\plexus\plexus-java\1.1.2\plexus-java-1.1.2.jar;C:\Users\Fran\.m2\repository\org\ow2\asm\asm\9.4\asm-9.4.jar;C:\Users\Fran\.m2\repository\com\thoughtworks\qdox\qdox\2.0.3\qdox-2.0.3.jar;C:\Users\Fran\.m2\repository\org\apache\maven\surefire\surefire-shared-utils\3.0.0-M9\surefire-shared-utils-3.0.0-M9.jar;C:\Users\Fran\.m2\repository\org\apache\maven\plugins\maven-failsafe-plugin\3.0.0-M9\maven-failsafe-plugin-3.0.0-M9.jar;"/>
    <property name="java.vm.vendor" value="Oracle Corporation"/>
    <property name="sun.arch.data.model" value="64"/>
    <property name="user.variant" value=""/>
    <property name="java.vendor.url" value="https://java.oracle.com/"/>
    <property name="user.timezone" value="Europe/Madrid"/>
    <property name="os.name" value="Windows 10"/>
    <property name="java.vm.specification.version" value="19"/>
    <property name="user.country" value="ES"/>
    <property name="sun.java.launcher" value="SUN_STANDARD"/>
    <property name="sun.boot.library.path" value="C:\Program Files\Java\bin"/>
    <property name="sun.java.command" value="C:\Users\Fran\AppData\Local\Temp\surefire3069654345920584366\surefirebooter10349336503700746065.jar C:\Users\Fran\AppData\Local\Temp\surefire3069654345920584366 2023-03-11T18-02-49_703-jvmRun1 surefire15640807772918876900tmp surefire_08126898608474184210tmp"/>
    <property name="jdk.debug" value="release"/>
    <property name="test" value="com.mycompany.actividadjunit2.EmpleadoTest"/>
    <property name="surefire.test.class.path" value="C:\Users\Fran\OneDrive\Documents\NetBeansProjects\ActividadJUnit2\target\test-classes;C:\Users\Fran\OneDrive\Documents\NetBeansProjects\ActividadJUnit2\target\classes;C:\Users\Fran\.m2\repository\org\junit\jupiter\junit-jupiter-api\5.6.0\junit-jupiter-api-5.6.0.jar;C:\Users\Fran\.m2\repository\org\apiguardian\apiguardian-api\1.1.0\apiguardian-api-1.1.0.jar;C:\Users\Fran\.m2\repository\org\opentest4j\opentest4j\1.2.0\opentest4j-1.2.0.jar;C:\Users\Fran\.m2\repository\org\junit\platform\junit-platform-commons\1.6.0\junit-platform-commons-1.6.0.jar;C:\Users\Fran\.m2\repository\org\junit\jupiter\junit-jupiter-params\5.6.0\junit-jupiter-params-5.6.0.jar;C:\Users\Fran\.m2\repository\org\junit\jupiter\junit-jupiter-engine\5.6.0\junit-jupiter-engine-5.6.0.jar;C:\Users\Fran\.m2\repository\org\junit\platform\junit-platform-engine\1.6.0\junit-platform-engine-1.6.0.jar;C:\Users\Fran\.m2\repository\org\apache\maven\plugins\maven-surefire-plugin\3.0.0-M9\maven-surefire-plugin-3.0.0-M9.jar;C:\Users\Fran\.m2\repository\org\apache\maven\surefire\maven-surefire-common\3.0.0-M9\maven-surefire-common-3.0.0-M9.jar;C:\Users\Fran\.m2\repository\org\apache\maven\surefire\surefire-api\3.0.0-M9\surefire-api-3.0.0-M9.jar;C:\Users\Fran\.m2\repository\org\apache\maven\surefire\surefire-logger-api\3.0.0-M9\surefire-logger-api-3.0.0-M9.jar;C:\Users\Fran\.m2\repository\org\apache\maven\surefire\surefire-extensions-api\3.0.0-M9\surefire-extensions-api-3.0.0-M9.jar;C:\Users\Fran\.m2\repository\org\apache\maven\surefire\surefire-booter\3.0.0-M9\surefire-booter-3.0.0-M9.jar;C:\Users\Fran\.m2\repository\org\apache\maven\surefire\surefire-extensions-spi\3.0.0-M9\surefire-extensions-spi-3.0.0-M9.jar;C:\Users\Fran\.m2\repository\org\apache\maven\shared\maven-common-artifact-filters\3.1.1\maven-common-artifact-filters-3.1.1.jar;C:\Users\Fran\.m2\repository\org\apache\maven\maven-artifact\3.1.0\maven-artifact-3.1.0.jar;C:\Users\Fran\.m2\repository\org\codehaus\plexus\plexus-utils\3.0.10\plexus-utils-3.0.10.jar;C:\Users\Fran\.m2\repository\org\apache\maven\maven-core\3.1.0\maven-core-3.1.0.jar;C:\Users\Fran\.m2\repository\org\apache\maven\maven-settings\3.1.0\maven-settings-3.1.0.jar;C:\Users\Fran\.m2\repository\org\apache\maven\maven-settings-builder\3.1.0\maven-settings-builder-3.1.0.jar;C:\Users\Fran\.m2\repository\org\apache\maven\maven-repository-metadata\3.1.0\maven-repository-metadata-3.1.0.jar;C:\Users\Fran\.m2\repository\org\apache\maven\maven-model-builder\3.1.0\maven-model-builder-3.1.0.jar;C:\Users\Fran\.m2\repository\org\apache\maven\maven-aether-provider\3.1.0\maven-aether-provider-3.1.0.jar;C:\Users\Fran\.m2\repository\org\eclipse\aether\aether-spi\0.9.0.M2\aether-spi-0.9.0.M2.jar;C:\Users\Fran\.m2\repository\org\eclipse\aether\aether-impl\0.9.0.M2\aether-impl-0.9.0.M2.jar;C:\Users\Fran\.m2\repository\org\eclipse\aether\aether-api\0.9.0.M2\aether-api-0.9.0.M2.jar;C:\Users\Fran\.m2\repository\org\eclipse\aether\aether-util\0.9.0.M2\aether-util-0.9.0.M2.jar;C:\Users\Fran\.m2\repository\org\eclipse\sisu\org.eclipse.sisu.plexus\0.0.0.M2a\org.eclipse.sisu.plexus-0.0.0.M2a.jar;C:\Users\Fran\.m2\repository\javax\enterprise\cdi-api\1.0\cdi-api-1.0.jar;C:\Users\Fran\.m2\repository\javax\annotation\jsr250-api\1.0\jsr250-api-1.0.jar;C:\Users\Fran\.m2\repository\javax\inject\javax.inject\1\javax.inject-1.jar;C:\Users\Fran\.m2\repository\com\google\guava\guava\10.0.1\guava-10.0.1.jar;C:\Users\Fran\.m2\repository\com\google\code\findbugs\jsr305\1.3.9\jsr305-1.3.9.jar;C:\Users\Fran\.m2\repository\org\sonatype\sisu\sisu-guice\3.1.0\sisu-guice-3.1.0-no_aop.jar;C:\Users\Fran\.m2\repository\aopalliance\aopalliance\1.0\aopalliance-1.0.jar;C:\Users\Fran\.m2\repository\org\eclipse\sisu\org.eclipse.sisu.inject\0.0.0.M2a\org.eclipse.sisu.inject-0.0.0.M2a.jar;C:\Users\Fran\.m2\repository\asm\asm\3.3.1\asm-3.3.1.jar;C:\Users\Fran\.m2\repository\org\codehaus\plexus\plexus-interpolation\1.16\plexus-interpolation-1.16.jar;C:\Users\Fran\.m2\repository\org\codehaus\plexus\plexus-classworlds\2.4.2\plexus-classworlds-2.4.2.jar;C:\Users\Fran\.m2\repository\org\codehaus\plexus\plexus-component-annotations\1.5.5\plexus-component-annotations-1.5.5.jar;C:\Users\Fran\.m2\repository\org\sonatype\plexus\plexus-sec-dispatcher\1.3\plexus-sec-dispatcher-1.3.jar;C:\Users\Fran\.m2\repository\org\sonatype\plexus\plexus-cipher\1.4\plexus-cipher-1.4.jar;C:\Users\Fran\.m2\repository\org\apache\maven\maven-plugin-api\3.1.0\maven-plugin-api-3.1.0.jar;C:\Users\Fran\.m2\repository\commons-io\commons-io\2.6\commons-io-2.6.jar;C:\Users\Fran\.m2\repository\org\codehaus\plexus\plexus-java\1.1.2\plexus-java-1.1.2.jar;C:\Users\Fran\.m2\repository\org\ow2\asm\asm\9.4\asm-9.4.jar;C:\Users\Fran\.m2\repository\com\thoughtworks\qdox\qdox\2.0.3\qdox-2.0.3.jar;C:\Users\Fran\.m2\repository\org\apache\maven\surefire\surefire-shared-utils\3.0.0-M9\surefire-shared-utils-3.0.0-M9.jar;C:\Users\Fran\.m2\repository\org\apache\maven\plugins\maven-failsafe-plugin\3.0.0-M9\maven-failsafe-plugin-3.0.0-M9.jar;"/>
    <property name="sun.cpu.endian" value="little"/>
    <property name="user.home" value="C:\Users\Fran"/>
    <property name="user.language" value="es"/>
    <property name="java.specification.vendor" value="Oracle Corporation"/>
    <property name="java.version.date" value="2023-01-17"/>
    <property name="java.home" value="C:\Program Files\Java"/>
    <property name="file.separator" value="\"/>
    <property name="basedir" value="C:\Users\Fran\OneDrive\Documents\NetBeansProjects\ActividadJUnit2"/>
    <property name="java.vm.compressedOopsMode" value="Zero based"/>
    <property name="line.separator" value="&#10;"/>
    <property name="java.vm.specification.vendor" value="Oracle Corporation"/>
    <property name="java.specification.name" value="Java Platform API Specification"/>
    <property name="surefire.real.class.path" value="C:\Users\Fran\AppData\Local\Temp\surefire3069654345920584366\surefirebooter10349336503700746065.jar"/>
    <property name="user.script" value=""/>
    <property name="sun.management.compiler" value="HotSpot 64-Bit Tiered Compilers"/>
    <property name="java.runtime.version" value="19.0.2+7-44"/>
    <property name="user.name" value="Fran"/>
    <property name="stdout.encoding" value="Cp1252"/>
    <property name="path.separator" value=";"/>
    <property name="os.version" value="10.0"/>
    <property name="java.runtime.name" value="Java(TM) SE Runtime Environment"/>
    <property name="file.encoding" value="UTF-8"/>
    <property name="java.vm.name" value="Java HotSpot(TM) 64-Bit Server VM"/>
    <property name="maven.ext.class.path" value="C:\Program Files\Java\NetBeans-16\netbeans\java\maven-nblib\netbeans-eventspy.jar"/>
    <property name="localRepository" value="C:\Users\Fran\.m2\repository"/>
    <property name="java.vendor.url.bug" value="https://bugreport.java.com/bugreport/"/>
    <property name="java.io.tmpdir" value="C:\Users\Fran\AppData\Local\Temp\"/>
    <property name="java.version" value="19.0.2"/>
    <property name="user.dir" value="C:\Users\Fran\OneDrive\Documents\NetBeansProjects\ActividadJUnit2"/>
    <property name="os.arch" value="amd64"/>
    <property name="java.vm.specification.name" value="Java Virtual Machine Specification"/>
    <property name="sun.os.patch.level" value=""/>
    <property name="native.encoding" value="Cp1252"/>
    <property name="java.library.path" value="C:\Program Files\Java\bin;C:\Windows\Sun\Java\bin;C:\Windows\system32;C:\Windows;C:\Program Files\Common Files\Oracle\Java\javapath;C:\Windows\system32;C:\Windows;C:\Windows\System32\Wbem;C:\Windows\System32\WindowsPowerShell\v1.0\;C:\Windows\System32\OpenSSH\;C:\Program Files\NVIDIA Corporation\NVIDIA NvDLISR;C:\Program Files (x86)\NVIDIA Corporation\PhysX\Common;C:\Users\Fran\AppData\Local\Microsoft\WindowsApps;;C:\Users\Fran\AppData\Local\Programs\Microsoft VS Code\bin;."/>
    <property name="java.vm.info" value="mixed mode, sharing"/>
    <property name="stderr.encoding" value="Cp1252"/>
    <property name="java.vendor" value="Oracle Corporation"/>
    <property name="java.vm.version" value="19.0.2+7-44"/>
    <property name="sun.io.unicode.encoding" value="UnicodeLittle"/>
    <property name="java.class.version" value="63.0"/>
  </properties>
  <testcase name="testRegistraEntradaEmpleado0" classname="com.mycompany.actividadjunit2.EmpleadoTest" time="0">
    <skipped message="public void com.mycompany.actividadjunit2.EmpleadoTest.testRegistraEntradaEmpleado0() is @Disabled"/>
  </testcase>
  <testcase name="testRegistraEntradaEmpleado1" classname="com.mycompany.actividadjunit2.EmpleadoTest" time="0">
    <skipped message="public void com.mycompany.actividadjunit2.EmpleadoTest.testRegistraEntradaEmpleado1() is @Disabled"/>
  </testcase>
  <testcase name="testRegistraEntradaEmpleado2" classname="com.mycompany.actividadjunit2.EmpleadoTest" time="0">
    <skipped message="public void com.mycompany.actividadjunit2.EmpleadoTest.testRegistraEntradaEmpleado2() is @Disabled"/>
  </testcase>
  <testcase name="testRegistraEntradaEmpleado3" classname="com.mycompany.actividadjunit2.EmpleadoTest" time="0">
    <skipped message="public void com.mycompany.actividadjunit2.EmpleadoTest.testRegistraEntradaEmpleado3() is @Disabled"/>
  </testcase>
  <testcase name="testRegistraEntradaEmpleado4" classname="com.mycompany.actividadjunit2.EmpleadoTest" time="0">
    <skipped message="public void com.mycompany.actividadjunit2.EmpleadoTest.testRegistraEntradaEmpleado4() is @Disabled"/>
  </testcase>
  <testcase name="testRegistraEntradaEmpleado5" classname="com.mycompany.actividadjunit2.EmpleadoTest" time="0">
    <skipped message="public void com.mycompany.actividadjunit2.EmpleadoTest.testRegistraEntradaEmpleado5() is @Disabled"/>
  </testcase>
  <testcase name="testRegistraEntradaEmpleado6" classname="com.mycompany.actividadjunit2.EmpleadoTest" time="0">
    <skipped message="public void com.mycompany.actividadjunit2.EmpleadoTest.testRegistraEntradaEmpleado6() is @Disabled"/>
  </testcase>
  <testcase name="testRegistraEntradaEmpleado7" classname="com.mycompany.actividadjunit2.EmpleadoTest" time="0">
    <skipped message="public void com.mycompany.actividadjunit2.EmpleadoTest.testRegistraEntradaEmpleado7() is @Disabled"/>
  </testcase>
  <testcase name="testRegistraEntradaEmpleado8" classname="com.mycompany.actividadjunit2.EmpleadoTest" time="0">
    <skipped message="public void com.mycompany.actividadjunit2.EmpleadoTest.testRegistraEntradaEmpleado8() is @Disabled"/>
  </testcase>
  <testcase name="testRegistraEntradaEmpleado9" classname="com.mycompany.actividadjunit2.EmpleadoTest" time="0">
    <skipped message="public void com.mycompany.actividadjunit2.EmpleadoTest.testRegistraEntradaEmpleado9() is @Disabled"/>
  </testcase>
  <testcase name="testRegistraEntradaEmpleado10" classname="com.mycompany.actividadjunit2.EmpleadoTest" time="0">
    <skipped message="public void com.mycompany.actividadjunit2.EmpleadoTest.testRegistraEntradaEmpleado10() is @Disabled"/>
  </testcase>
  <testcase name="testRegistraEntradaEmpleado11" classname="com.mycompany.actividadjunit2.EmpleadoTest" time="0">
    <skipped message="public void com.mycompany.actividadjunit2.EmpleadoTest.testRegistraEntradaEmpleado11() is @Disabled"/>
  </testcase>
  <testcase name="testRegistraEntradaEmpleadoParametrizado{Integer, Integer, String, int}" classname="com.mycompany.actividadjunit2.EmpleadoTest" time="0.009">
    <error message="No ParameterResolver registered for parameter [java.lang.Integer _empleado] in method [public void com.mycompany.actividadjunit2.EmpleadoTest.testRegistraEntradaEmpleadoParametrizado(java.lang.Integer,java.lang.Integer,java.lang.String,int)]." type="org.junit.jupiter.api.extension.ParameterResolutionException">org.junit.jupiter.api.extension.ParameterResolutionException: No ParameterResolver registered for parameter [java.lang.Integer _empleado] in method [public void com.mycompany.actividadjunit2.EmpleadoTest.testRegistraEntradaEmpleadoParametrizado(java.lang.Integer,java.lang.Integer,java.lang.String,int)].
</error>
  </testcase>
  <testcase name="testRegistraEntradaEmpleadoParametrizado{Integer, Integer, String, int}[1]" classname="com.mycompany.actividadjunit2.EmpleadoTest" time="0.013"/>
  <testcase name="testRegistraEntradaEmpleadoParametrizado{Integer, Integer, String, int}[2]" classname="com.mycompany.actividadjunit2.EmpleadoTest" time="0"/>
  <testcase name="testRegistraEntradaEmpleadoParametrizado{Integer, Integer, String, int}[3]" classname="com.mycompany.actividadjunit2.EmpleadoTest" time="0"/>
  <testcase name="testRegistraEntradaEmpleadoParametrizado{Integer, Integer, String, int}[4]" classname="com.mycompany.actividadjunit2.EmpleadoTest" time="0.001"/>
  <testcase name="testRegistraEntradaEmpleadoParametrizado{Integer, Integer, String, int}[5]" classname="com.mycompany.actividadjunit2.EmpleadoTest" time="0"/>
  <testcase name="testRegistraEntradaEmpleadoParametrizado{Integer, Integer, String, int}[6]" classname="com.mycompany.actividadjunit2.EmpleadoTest" time="0.001"/>
  <testcase name="testRegistraEntradaEmpleadoParametrizado{Integer, Integer, String, int}[7]" classname="com.mycompany.actividadjunit2.EmpleadoTest" time="0"/>
  <testcase name="testRegistraEntradaEmpleadoParametrizado{Integer, Integer, String, int}[8]" classname="com.mycompany.actividadjunit2.EmpleadoTest" time="0"/>
  <testcase name="testRegistraEntradaEmpleadoParametrizado{Integer, Integer, String, int}[9]" classname="com.mycompany.actividadjunit2.EmpleadoTest" time="0"/>
  <testcase name="testRegistraEntradaEmpleadoParametrizado{Integer, Integer, String, int}[10]" classname="com.mycompany.actividadjunit2.EmpleadoTest" time="0"/>
  <testcase name="testRegistraEntradaEmpleadoParametrizado{Integer, Integer, String, int}[11]" classname="com.mycompany.actividadjunit2.EmpleadoTest" time="0.001"/>
  <testcase name="testRegistraEntradaEmpleadoParametrizado{Integer, Integer, String, int}[12]" classname="com.mycompany.actividadjunit2.EmpleadoTest" time="0"/>
</testsuite>